<?xml version="1.0" encoding="UTF-8"?>
<!-- Generated by org.testng.reporters.JUnitXMLReporter -->
<testsuite ignored="0" hostname="LAPTOP-J4PLKC20" failures="0" tests="3" name="Test" time="6.668" errors="0" timestamp="2023-05-26T20:08:13 IST">
  <testcase classname="testClassPackage.Post_TC_1" name="execute" time="3.944"/>
  <testcase classname="testClassPackage.Post_TC_2" name="execute" time="1.305"/>
  <testcase classname="testClassPackage.Post_TC_3" name="execute" time="1.304"/>
</testsuite> <!-- Test -->
