<?xml version="1.0" encoding="UTF-8"?>
<testng-results ignored="0" total="3" passed="3" failed="0" skipped="0">
  <reporter-output>
  </reporter-output>
  <suite started-at="2023-05-26T20:08:06 IST" name="Suite" finished-at="2023-05-26T20:08:13 IST" duration-ms="6668">
    <groups>
    </groups>
    <test started-at="2023-05-26T20:08:06 IST" name="Test" finished-at="2023-05-26T20:08:13 IST" duration-ms="6668">
      <class name="testClassPackage.Post_TC_1">
        <test-method signature="execute()[pri:0, instance:testClassPackage.Post_TC_1@3b0fe47a]" started-at="2023-05-26T20:08:06 IST" name="execute" finished-at="2023-05-26T20:08:10 IST" duration-ms="3944" status="PASS">
          <reporter-output>
          </reporter-output>
        </test-method> <!-- execute -->
      </class> <!-- testClassPackage.Post_TC_1 -->
      <class name="testClassPackage.Post_TC_2">
        <test-method signature="execute()[pri:0, instance:testClassPackage.Post_TC_2@663c9e7a]" started-at="2023-05-26T20:08:10 IST" name="execute" finished-at="2023-05-26T20:08:11 IST" duration-ms="1305" status="PASS">
          <reporter-output>
          </reporter-output>
        </test-method> <!-- execute -->
      </class> <!-- testClassPackage.Post_TC_2 -->
      <class name="testClassPackage.Post_TC_3">
        <test-method signature="execute()[pri:0, instance:testClassPackage.Post_TC_3@19e4653c]" started-at="2023-05-26T20:08:11 IST" name="execute" finished-at="2023-05-26T20:08:13 IST" duration-ms="1304" status="PASS">
          <reporter-output>
          </reporter-output>
        </test-method> <!-- execute -->
      </class> <!-- testClassPackage.Post_TC_3 -->
    </test> <!-- Test -->
  </suite> <!-- Suite -->
</testng-results>
